[INFO] Scanning for projects...
[INFO] 
[INFO] --------------------< com.security:spring-security >--------------------
[INFO] Building spring-security 0.0.1-SNAPSHOT
[INFO]   from pom.xml
[INFO] --------------------------------[ jar ]---------------------------------
[INFO] 
[INFO] >>> spring-boot:3.4.3:run (default-cli) > test-compile @ spring-security >>>
[INFO] 
[INFO] --- resources:3.3.1:resources (default-resources) @ spring-security ---
[INFO] Copying 2 resources from src\main\resources to target\classes
[INFO] Copying 0 resource from src\main\resources to target\classes
[INFO] 
[INFO] --- compiler:3.13.0:compile (default-compile) @ spring-security ---
[INFO] Nothing to compile - all classes are up to date.
[INFO] 
[INFO] --- resources:3.3.1:testResources (default-testResources) @ spring-security ---
[INFO] skip non existing resourceDirectory D:\PROJECT FILES\project-main - Copy\spring-security1-master\src\test\resources
[INFO] 
[INFO] --- compiler:3.13.0:testCompile (default-testCompile) @ spring-security ---
[INFO] Nothing to compile - all classes are up to date.
[INFO] 
[INFO] <<< spring-boot:3.4.3:run (default-cli) < test-compile @ spring-security <<<
[INFO] 
[INFO] 
[INFO] --- spring-boot:3.4.3:run (default-cli) @ spring-security ---
[INFO] Attaching agents: []

  .   ____          _            __ _ _
 /\\ / ___'_ __ _ _(_)_ __  __ _ \ \ \ \
( ( )\___ | '_ | '_| | '_ \/ _` | \ \ \ \
 \\/  ___)| |_)| | | | | || (_| |  ) ) ) )
  '  |____| .__|_| |_|_| |_\__, | / / / /
 =========|_|==============|___/=/_/_/_/

 :: Spring Boot ::                (v3.4.3)

2026-03-22T21:18:47.135+05:30  INFO 24936 --- [  restartedMain] c.s.s.SpringSecurityApplication          : Starting SpringSecurityApplication using Java 21.0.3 with PID 24936 (D:\PROJECT FILES\project-main - Copy\spring-security1-master\target\classes started by sidha in D:\PROJECT FILES\project-main - Copy\spring-security1-master)
2026-03-22T21:18:47.137+05:30  INFO 24936 --- [  restartedMain] c.s.s.SpringSecurityApplication          : No active profile set, falling back to 1 default profile: "default"
2026-03-22T21:18:47.181+05:30  INFO 24936 --- [  restartedMain] .e.DevToolsPropertyDefaultsPostProcessor : Devtools property defaults active! Set 'spring.devtools.add-properties' to 'false' to disable
2026-03-22T21:18:47.181+05:30  INFO 24936 --- [  restartedMain] .e.DevToolsPropertyDefaultsPostProcessor : For additional web related logging consider setting the 'logging.level.web' property to 'DEBUG'
2026-03-22T21:18:47.817+05:30  INFO 24936 --- [  restartedMain] .s.d.r.c.RepositoryConfigurationDelegate : Bootstrapping Spring Data JPA repositories in DEFAULT mode.
2026-03-22T21:18:47.887+05:30  INFO 24936 --- [  restartedMain] .s.d.r.c.RepositoryConfigurationDelegate : Finished Spring Data repository scanning in 62 ms. Found 5 JPA repository interfaces.
2026-03-22T21:18:48.423+05:30  INFO 24936 --- [  restartedMain] o.s.b.w.embedded.tomcat.TomcatWebServer  : Tomcat initialized with port 8080 (http)
2026-03-22T21:18:48.440+05:30  INFO 24936 --- [  restartedMain] o.apache.catalina.core.StandardService   : Starting service [Tomcat]
2026-03-22T21:18:48.440+05:30  INFO 24936 --- [  restartedMain] o.apache.catalina.core.StandardEngine    : Starting Servlet engine: [Apache Tomcat/10.1.36]
2026-03-22T21:18:48.487+05:30  INFO 24936 --- [  restartedMain] o.a.c.c.C.[Tomcat].[localhost].[/]       : Initializing Spring embedded WebApplicationContext
2026-03-22T21:18:48.488+05:30  INFO 24936 --- [  restartedMain] w.s.c.ServletWebServerApplicationContext : Root WebApplicationContext: initialization completed in 1306 ms
2026-03-22T21:18:48.629+05:30  INFO 24936 --- [  restartedMain] o.hibernate.jpa.internal.util.LogHelper  : HHH000204: Processing PersistenceUnitInfo [name: default]
2026-03-22T21:18:48.681+05:30  INFO 24936 --- [  restartedMain] org.hibernate.Version                    : HHH000412: Hibernate ORM core version 6.6.8.Final
2026-03-22T21:18:48.716+05:30  INFO 24936 --- [  restartedMain] o.h.c.internal.RegionFactoryInitiator    : HHH000026: Second-level cache disabled
2026-03-22T21:18:48.982+05:30  INFO 24936 --- [  restartedMain] o.s.o.j.p.SpringPersistenceUnitInfo      : No LoadTimeWeaver setup: ignoring JPA class transformer
2026-03-22T21:18:49.014+05:30  INFO 24936 --- [  restartedMain] com.zaxxer.hikari.HikariDataSource       : HikariPool-1 - Starting...
2026-03-22T21:18:49.180+05:30  INFO 24936 --- [  restartedMain] com.zaxxer.hikari.pool.HikariPool        : HikariPool-1 - Added connection com.mysql.cj.jdbc.ConnectionImpl@72d40e39
2026-03-22T21:18:49.182+05:30  INFO 24936 --- [  restartedMain] com.zaxxer.hikari.HikariDataSource       : HikariPool-1 - Start completed.
2026-03-22T21:18:49.259+05:30  INFO 24936 --- [  restartedMain] org.hibernate.orm.connections.pooling    : HHH10001005: Database info:
	Database JDBC URL [Connecting through datasource 'HikariDataSource (HikariPool-1)']
	Database driver: undefined/unknown
	Database version: 8.0.39
	Autocommit mode: undefined/unknown
	Isolation level: undefined/unknown
	Minimum pool size: undefined/unknown
	Maximum pool size: undefined/unknown
2026-03-22T21:18:50.115+05:30  INFO 24936 --- [  restartedMain] o.h.e.t.j.p.i.JtaPlatformInitiator       : HHH000489: No JTA platform available (set 'hibernate.transaction.jta.platform' to enable JTA platform integration)
2026-03-22T21:18:50.172+05:30  INFO 24936 --- [  restartedMain] j.LocalContainerEntityManagerFactoryBean : Initialized JPA EntityManagerFactory for persistence unit 'default'
Failed to update exercise list from ML model: null
2026-03-22T21:18:52.488+05:30  INFO 24936 --- [  restartedMain] eAuthenticationProviderManagerConfigurer : Global AuthenticationManager configured with AuthenticationProvider bean with name authProvider
2026-03-22T21:18:52.488+05:30  WARN 24936 --- [  restartedMain] r$InitializeUserDetailsManagerConfigurer : Global AuthenticationManager configured with an AuthenticationProvider bean. UserDetailsService beans will not be used by Spring Security for automatically configuring username/password login. Consider removing the AuthenticationProvider bean. Alternatively, consider using the UserDetailsService in a manually instantiated DaoAuthenticationProvider. If the current configuration is intentional, to turn off this warning, increase the logging level of 'org.springframework.security.config.annotation.authentication.configuration.InitializeUserDetailsBeanManagerConfigurer' to ERROR
2026-03-22T21:18:52.962+05:30  INFO 24936 --- [  restartedMain] o.s.b.d.a.OptionalLiveReloadServer       : LiveReload server is running on port 35729
2026-03-22T21:18:53.000+05:30  INFO 24936 --- [  restartedMain] o.s.b.w.embedded.tomcat.TomcatWebServer  : Tomcat started on port 8080 (http) with context path '/'
2026-03-22T21:18:53.010+05:30  INFO 24936 --- [  restartedMain] c.s.s.SpringSecurityApplication          : Started SpringSecurityApplication in 6.265 seconds (process running for 6.723)
Hibernate: select count(*) from foods f1_0
2026-03-22T21:19:37.831+05:30  INFO 24936 --- [nio-8080-exec-2] o.a.c.c.C.[Tomcat].[localhost].[/]       : Initializing Spring DispatcherServlet 'dispatcherServlet'
2026-03-22T21:19:37.832+05:30  INFO 24936 --- [nio-8080-exec-2] o.s.web.servlet.DispatcherServlet        : Initializing Servlet 'dispatcherServlet'
2026-03-22T21:19:37.833+05:30  INFO 24936 --- [nio-8080-exec-2] o.s.web.servlet.DispatcherServlet        : Completed initialization in 1 ms
Hibernate: select u1_0.id,u1_0.age,u1_0.email,u1_0.height,u1_0.password,u1_0.security_answer,u1_0.security_question,u1_0.username,u1_0.weight from users u1_0 where u1_0.email=?
Hibernate: insert into users (age,email,height,password,security_answer,security_question,username,weight) values (?,?,?,?,?,?,?,?)
Hibernate: select u1_0.id,u1_0.age,u1_0.email,u1_0.height,u1_0.password,u1_0.security_answer,u1_0.security_question,u1_0.username,u1_0.weight from users u1_0 where u1_0.email=?
Hibernate: select u1_0.id,u1_0.age,u1_0.email,u1_0.height,u1_0.password,u1_0.security_answer,u1_0.security_question,u1_0.username,u1_0.weight from users u1_0 where u1_0.email=?
Hibernate: select u1_0.id,u1_0.age,u1_0.email,u1_0.height,u1_0.password,u1_0.security_answer,u1_0.security_question,u1_0.username,u1_0.weight from users u1_0 where u1_0.email=?
Hibernate: select u1_0.id,u1_0.age,u1_0.email,u1_0.height,u1_0.password,u1_0.security_answer,u1_0.security_question,u1_0.username,u1_0.weight from users u1_0 where u1_0.email=?
Hibernate: select w1_0.id,w1_0.calories_burned,w1_0.date,w1_0.duration,w1_0.user_id,w1_0.workout_name from workouts w1_0 where w1_0.user_id=? order by w1_0.date desc
Hibernate: select m1_0.id,m1_0.calories,m1_0.date,m1_0.fats,m1_0.food_name,m1_0.protein,m1_0.user_id from meals m1_0 where m1_0.user_id=? order by m1_0.date desc
Hibernate: select u1_0.id,u1_0.age,u1_0.email,u1_0.height,u1_0.password,u1_0.security_answer,u1_0.security_question,u1_0.username,u1_0.weight from users u1_0 where u1_0.email=?
Hibernate: select u1_0.id,u1_0.age,u1_0.email,u1_0.height,u1_0.password,u1_0.security_answer,u1_0.security_question,u1_0.username,u1_0.weight from users u1_0 where u1_0.email=?
Hibernate: select w1_0.id,w1_0.calories_burned,w1_0.date,w1_0.duration,w1_0.user_id,w1_0.workout_name from workouts w1_0 where w1_0.user_id=? order by w1_0.date desc
Hibernate: select m1_0.id,m1_0.calories,m1_0.date,m1_0.fats,m1_0.food_name,m1_0.protein,m1_0.user_id from meals m1_0 where m1_0.user_id=? order by m1_0.date desc
Hibernate: select u1_0.id,u1_0.age,u1_0.email,u1_0.height,u1_0.password,u1_0.security_answer,u1_0.security_question,u1_0.username,u1_0.weight from users u1_0 where u1_0.email=?
Hibernate: select w1_0.id,w1_0.calories_burned,w1_0.date,w1_0.duration,w1_0.user_id,w1_0.workout_name from workouts w1_0 where w1_0.user_id=? order by w1_0.date desc
Hibernate: select u1_0.id,u1_0.age,u1_0.email,u1_0.height,u1_0.password,u1_0.security_answer,u1_0.security_question,u1_0.username,u1_0.weight from users u1_0 where u1_0.email=?
Hibernate: select w1_0.id,w1_0.calories_burned,w1_0.date,w1_0.duration,w1_0.user_id,w1_0.workout_name from workouts w1_0 where w1_0.user_id=? order by w1_0.date desc
Hibernate: select u1_0.id,u1_0.age,u1_0.email,u1_0.height,u1_0.password,u1_0.security_answer,u1_0.security_question,u1_0.username,u1_0.weight from users u1_0 where u1_0.email=?
Hibernate: select u1_0.id,u1_0.age,u1_0.email,u1_0.height,u1_0.password,u1_0.security_answer,u1_0.security_question,u1_0.username,u1_0.weight from users u1_0 where u1_0.id=?
Hibernate: update users set age=?,email=?,height=?,password=?,security_answer=?,security_question=?,username=?,weight=? where id=?
